<?xml version="1.0" encoding="UTF-8"?>
<!-- Generated by org.testng.reporters.JUnitXMLReporter -->
<testsuite ignored="0" hostname="DESKTOP-A8OMMGT" failures="0" tests="6" name="Regression test" time="6.218" errors="0" timestamp="2022-10-11T16:26:08 CEST">
  <testcase classname="ui.PageHeaderUiTest" name="logoIsDisplayed" time="0.173"/>
  <testcase classname="ui.PageHeaderUiTest" name="miniCartButtonIsDisplayed" time="0.031"/>
  <testcase classname="ui.PageHeaderUiTest" name="searchFieldIsDisplayed" time="0.025"/>
  <testcase classname="ui.PageHeaderUiTest" name="storeSelectorIsDisplayed" time="0.024"/>
  <testcase classname="ui.PageHeaderUiTest" name="userAccountButtonIsDisplayed" time="0.08"/>
  <testcase classname="ui.LogoUiTest" name="validateLogoRedirection" time="0.735"/>
</testsuite> <!-- Regression test -->
