<?xml version="1.0" encoding="UTF-8"?>
<!-- Generated by org.testng.reporters.JUnitXMLReporter -->
<testsuite ignored="0" hostname="DESKTOP-A8OMMGT" failures="0" tests="11" name="Regression test" time="9.419" errors="0" timestamp="2022-10-30T12:45:46 CET">
  <testcase classname="ui.PageHeaderUiTest" name="logoIsDisplayed" time="0.147"/>
  <testcase classname="ui.PageHeaderUiTest" name="miniCartButtonIsDisplayed" time="0.026"/>
  <testcase classname="ui.PageHeaderUiTest" name="searchFieldIsDisplayed" time="0.024"/>
  <testcase classname="ui.PageHeaderUiTest" name="storeSelectorIsDisplayed" time="0.024"/>
  <testcase classname="ui.PageHeaderUiTest" name="userAccountButtonIsDisplayed" time="0.023"/>
  <testcase classname="ui.LogoUiTest" name="checkLogoRedirection" time="0.72"/>
  <testcase classname="ui.LogoUiTest" name="logoIsEnabled" time="0.145"/>
  <testcase classname="ui.LogoUiTest" name="logoIsVisible" time="0.026"/>
  <testcase classname="ui.TopNavigationMenuTest" name="navigateMegaMenuCategories" time="0.787"/>
  <testcase classname="ui.TopNavigationMenuTest" name="openThirdLevelCategoryPage" time="1.574"/>
  <testcase classname="ui.TopNavigationMenuTest" name="stickyMegaMenu" time="0.667"/>
</testsuite> <!-- Regression test -->
