<?xml version="1.0" encoding="UTF-8"?>
<testng-results ignored="0" total="6" passed="6" failed="0" skipped="0">
  <reporter-output>
  </reporter-output>
  <suite started-at="2022-10-11T16:26:01 CEST" name="Regression" finished-at="2022-10-11T16:26:08 CEST" duration-ms="6218">
    <groups>
    </groups>
    <test started-at="2022-10-11T16:26:01 CEST" name="Regression test" finished-at="2022-10-11T16:26:08 CEST" duration-ms="6218">
      <class name="ui.LogoUiTest">
        <test-method is-config="true" signature="startTest()[pri:0, instance:ui.LogoUiTest@bdd2027]" started-at="2022-10-11T16:26:06 CEST" name="startTest" finished-at="2022-10-11T16:26:07 CEST" duration-ms="546" status="PASS">
          <reporter-output>
          </reporter-output>
        </test-method> <!-- startTest -->
        <test-method signature="validateLogoRedirection()[pri:0, instance:ui.LogoUiTest@bdd2027]" started-at="2022-10-11T16:26:07 CEST" name="validateLogoRedirection" finished-at="2022-10-11T16:26:08 CEST" duration-ms="735" status="PASS">
          <reporter-output>
          </reporter-output>
        </test-method> <!-- validateLogoRedirection -->
      </class> <!-- ui.LogoUiTest -->
      <class name="ui.PageHeaderUiTest">
        <test-method is-config="true" signature="start()[pri:0, instance:ui.PageHeaderUiTest@5f9b6ae7]" started-at="2022-10-11T16:26:01 CEST" name="start" finished-at="2022-10-11T16:26:06 CEST" duration-ms="4405" status="PASS">
          <reporter-output>
          </reporter-output>
        </test-method> <!-- start -->
        <test-method signature="logoIsDisplayed()[pri:0, instance:ui.PageHeaderUiTest@5f9b6ae7]" started-at="2022-10-11T16:26:06 CEST" name="logoIsDisplayed" finished-at="2022-10-11T16:26:06 CEST" duration-ms="173" status="PASS">
          <reporter-output>
          </reporter-output>
        </test-method> <!-- logoIsDisplayed -->
        <test-method signature="miniCartButtonIsDisplayed()[pri:0, instance:ui.PageHeaderUiTest@5f9b6ae7]" started-at="2022-10-11T16:26:06 CEST" name="miniCartButtonIsDisplayed" finished-at="2022-10-11T16:26:06 CEST" duration-ms="31" status="PASS">
          <reporter-output>
          </reporter-output>
        </test-method> <!-- miniCartButtonIsDisplayed -->
        <test-method signature="searchFieldIsDisplayed()[pri:0, instance:ui.PageHeaderUiTest@5f9b6ae7]" started-at="2022-10-11T16:26:06 CEST" name="searchFieldIsDisplayed" finished-at="2022-10-11T16:26:06 CEST" duration-ms="25" status="PASS">
          <reporter-output>
          </reporter-output>
        </test-method> <!-- searchFieldIsDisplayed -->
        <test-method signature="storeSelectorIsDisplayed()[pri:0, instance:ui.PageHeaderUiTest@5f9b6ae7]" started-at="2022-10-11T16:26:06 CEST" name="storeSelectorIsDisplayed" finished-at="2022-10-11T16:26:06 CEST" duration-ms="24" status="PASS">
          <reporter-output>
          </reporter-output>
        </test-method> <!-- storeSelectorIsDisplayed -->
        <test-method signature="userAccountButtonIsDisplayed()[pri:0, instance:ui.PageHeaderUiTest@5f9b6ae7]" started-at="2022-10-11T16:26:06 CEST" name="userAccountButtonIsDisplayed" finished-at="2022-10-11T16:26:06 CEST" duration-ms="80" status="PASS">
          <reporter-output>
          </reporter-output>
        </test-method> <!-- userAccountButtonIsDisplayed -->
      </class> <!-- ui.PageHeaderUiTest -->
    </test> <!-- Regression test -->
  </suite> <!-- Regression -->
</testng-results>
