<?xml version="1.0" encoding="UTF-8"?>
<testng-results ignored="0" total="1" passed="1" failed="0" skipped="0">
  <reporter-output>
  </reporter-output>
  <suite started-at="2022-09-28T19:19:14 CEST" name="Regression" finished-at="2022-09-28T19:19:15 CEST" duration-ms="199">
    <groups>
    </groups>
    <test started-at="2022-09-28T19:19:14 CEST" name="Regression test" finished-at="2022-09-28T19:19:15 CEST" duration-ms="199">
      <class name="healthCheck.IncludeMe">
        <test-method signature="includeMe()[pri:0, instance:healthCheck.IncludeMe@18388a3c]" started-at="2022-09-28T19:19:14 CEST" name="includeMe" finished-at="2022-09-28T19:19:14 CEST" duration-ms="60" status="PASS">
          <reporter-output>
          </reporter-output>
        </test-method> <!-- includeMe -->
      </class> <!-- healthCheck.IncludeMe -->
    </test> <!-- Regression test -->
  </suite> <!-- Regression -->
</testng-results>
